	/**
	 * wats - Web-based Asset Tracking System
	 * 
	 * @author Ryan Illman (rillman@evergreenschool.org)
	 * @created May 26, 2009
	 * 
	 * @copyright: (C)2009 The Evergreen School
	 * 
	 * This program is free software: you can redistribute it and/or modify 
	 * it under the terms of the GNU Affero General Public License version 3 as published by
	 * the Free Software Foundation.
	 * 
	 * This program is distributed in the hope that it will be useful,
	 * but WITHOUT ANY WARRANTY; without even the implied warranty of
	 * MERCHANTABILITY or FITNESS FOR A PARTICULAR PURPOSE.  See the
	 * GNU Affero General Public License for more details.
	 * 
	 * You should have received a copy of the GNU Affero General Public License
	 * along with this program.  If not, see <http://www.gnu.org/licenses/agpl-3.0.html>.
	 */


-- R12 --

ALTER TABLE status ADD UNIQUE KEY (statusName);
ALTER TABLE building ADD UNIQUE KEY (buildingName);
